app/build/outputs/logs/manifest-merger-debug-report.txt
-- Merging decision tree log ---
manifest
ADDED from src\main\AndroidManifest.xml:2:1-23:12
INJECTED from src\main\AndroidManifest.xml:2:1-23:12
INJECTED from src\main\AndroidManifest.xml:2:1-23:12
INJECTED from src\main\AndroidManifest.xml:2:1-23:12
MERGED from [:lib_common] AndroidManifest.xml:2:1-11:12
MERGED from [:lib_refresh_layout] AndroidManifest.xml:2:1-11:12
MERGED from [:lib_fly_db] AndroidManifest.xml:2:1-11:12
MERGED from [com.android.support:design:23.0.0] AndroidManifest.xml:17:1-24:12
MERGED from [com.trello.rxlifecycle2:rxlifecycle-components:2.2.1] AndroidManifest.xml:13:1-19:12
MERGED from [com.android.support:appcompat-v7:26.0.2] AndroidManifest.xml:17:1-31:12
MERGED from [com.didi.virtualapk:core:0.9.8] AndroidManifest.xml:2:1-157:12
MERGED from [com.android.support:recyclerview-v7:23.0.0] AndroidManifest.xml:17:1-22:12
MERGED from [com.android.support.constraint:constraint-layout:1.1.3] AndroidManifest.xml:2:1-11:12
MERGED from [com.trello.rxlifecycle2:rxlifecycle-android:2.2.1] AndroidManifest.xml:13:1-19:12
MERGED from [com.android.support:animated-vector-drawable:26.0.2] AndroidManifest.xml:17:1-28:12
MERGED from [com.android.support:support-v4:26.0.2] AndroidManifest.xml:17:1-31:12
MERGED from [com.android.support:support-vector-drawable:26.0.2] AndroidManifest.xml:17:1-28:12
MERGED from [com.android.support:support-media-compat:26.0.2] AndroidManifest.xml:17:1-31:12
MERGED from [com.android.support:support-fragment:26.0.2] AndroidManifest.xml:17:1-31:12
MERGED from [com.android.support:support-core-utils:26.0.2] AndroidManifest.xml:17:1-31:12
MERGED from [com.android.support:support-core-ui:26.0.2] AndroidManifest.xml:17:1-31:12
MERGED from [com.android.support:support-compat:26.0.2] AndroidManifest.xml:17:1-31:12
MERGED from [io.reactivex.rxjava2:rxandroid:2.0.1] AndroidManifest.xml:15:1-21:12
INJECTED from src\main\AndroidManifest.xml:2:1-23:12
INJECTED from src\main\AndroidManifest.xml:2:1-23:12
INJECTED from src\main\AndroidManifest.xml:2:1-23:12
	package
		ADDED from src\main\AndroidManifest.xml:3:5-27
		INJECTED from src\main\AndroidManifest.xml
		INJECTED from src\main\AndroidManifest.xml
	android:versionName
		INJECTED from src\main\AndroidManifest.xml
		ADDED from src\main\AndroidManifest.xml:2:1-23:12
		INJECTED from src\main\AndroidManifest.xml
	android:versionCode
		INJECTED from src\main\AndroidManifest.xml
		ADDED from src\main\AndroidManifest.xml:2:1-23:12
		INJECTED from src\main\AndroidManifest.xml
	xmlns:android
		ADDED from src\main\AndroidManifest.xml:2:11-69
application
ADDED from src\main\AndroidManifest.xml:5:5-21:19
MERGED from [com.android.support:design:23.0.0] AndroidManifest.xml:22:5-20
MERGED from [com.android.support:design:23.0.0] AndroidManifest.xml:22:5-20
MERGED from [com.android.support:appcompat-v7:26.0.2] AndroidManifest.xml:25:5-29:19
MERGED from [com.android.support:appcompat-v7:26.0.2] AndroidManifest.xml:25:5-29:19
MERGED from [com.didi.virtualapk:core:0.9.8] AndroidManifest.xml:17:5-155:19
MERGED from [com.didi.virtualapk:core:0.9.8] AndroidManifest.xml:17:5-155:19
MERGED from [com.android.support.constraint:constraint-layout:1.1.3] AndroidManifest.xml:9:5-20
MERGED from [com.android.support.constraint:constraint-layout:1.1.3] AndroidManifest.xml:9:5-20
MERGED from [com.android.support:animated-vector-drawable:26.0.2] AndroidManifest.xml:22:5-26:19
MERGED from [com.android.support:animated-vector-drawable:26.0.2] AndroidManifest.xml:22:5-26:19
MERGED from [com.android.support:support-v4:26.0.2] AndroidManifest.xml:25:5-29:19
MERGED from [com.android.support:support-v4:26.0.2] AndroidManifest.xml:25:5-29:19
MERGED from [com.android.support:support-vector-drawable:26.0.2] AndroidManifest.xml:22:5-26:19
MERGED from [com.android.support:support-vector-drawable:26.0.2] AndroidManifest.xml:22:5-26:19
MERGED from [com.android.support:support-media-compat:26.0.2] AndroidManifest.xml:25:5-29:19
MERGED from [com.android.support:support-media-compat:26.0.2] AndroidManifest.xml:25:5-29:19
MERGED from [com.android.support:support-fragment:26.0.2] AndroidManifest.xml:25:5-29:19
MERGED from [com.android.support:support-fragment:26.0.2] AndroidManifest.xml:25:5-29:19
MERGED from [com.android.support:support-core-utils:26.0.2] AndroidManifest.xml:25:5-29:19
MERGED from [com.android.support:support-core-utils:26.0.2] AndroidManifest.xml:25:5-29:19
MERGED from [com.android.support:support-core-ui:26.0.2] AndroidManifest.xml:25:5-29:19
MERGED from [com.android.support:support-core-ui:26.0.2] AndroidManifest.xml:25:5-29:19
MERGED from [com.android.support:support-compat:26.0.2] AndroidManifest.xml:25:5-29:19
MERGED from [com.android.support:support-compat:26.0.2] AndroidManifest.xml:25:5-29:19
	android:supportsRtl
		ADDED from src\main\AndroidManifest.xml:10:9-35
	android:label
		ADDED from src\main\AndroidManifest.xml:8:9-41
	android:roundIcon
		ADDED from src\main\AndroidManifest.xml:9:9-54
	android:icon
		ADDED from src\main\AndroidManifest.xml:7:9-43
	android:allowBackup
		ADDED from src\main\AndroidManifest.xml:6:9-35
	android:theme
		ADDED from src\main\AndroidManifest.xml:11:9-40
	android:name
		ADDED from src\main\AndroidManifest.xml:12:9-38
activity#com.fly.tour.MainActivity
ADDED from src\main\AndroidManifest.xml:14:9-20:20
	android:name
		ADDED from src\main\AndroidManifest.xml:14:19-47
intent-filter#action:name:android.intent.action.MAIN+category:name:android.intent.category.LAUNCHER
ADDED from src\main\AndroidManifest.xml:15:13-19:29
action#android.intent.action.MAIN
ADDED from src\main\AndroidManifest.xml:16:17-69
	android:name
		ADDED from src\main\AndroidManifest.xml:16:25-66
category#android.intent.category.LAUNCHER
ADDED from src\main\AndroidManifest.xml:18:17-77
	android:name
		ADDED from src\main\AndroidManifest.xml:18:27-74
uses-sdk
INJECTED from src\main\AndroidManifest.xml reason: use-sdk injection requested
INJECTED from src\main\AndroidManifest.xml
INJECTED from src\main\AndroidManifest.xml
MERGED from [:lib_common] AndroidManifest.xml:7:5-9:41
MERGED from [:lib_common] AndroidManifest.xml:7:5-9:41
MERGED from [:lib_refresh_layout] AndroidManifest.xml:7:5-9:41
MERGED from [:lib_refresh_layout] AndroidManifest.xml:7:5-9:41
MERGED from [:lib_fly_db] AndroidManifest.xml:7:5-9:41
MERGED from [:lib_fly_db] AndroidManifest.xml:7:5-9:41
MERGED from [com.android.support:design:23.0.0] AndroidManifest.xml:20:5-43
MERGED from [com.android.support:design:23.0.0] AndroidManifest.xml:20:5-43
MERGED from [com.trello.rxlifecycle2:rxlifecycle-components:2.2.1] AndroidManifest.xml:17:5-44
MERGED from [com.trello.rxlifecycle2:rxlifecycle-components:2.2.1] AndroidManifest.xml:17:5-44
MERGED from [com.android.support:appcompat-v7:26.0.2] AndroidManifest.xml:21:5-23:78
MERGED from [com.android.support:appcompat-v7:26.0.2] AndroidManifest.xml:21:5-23:78
MERGED from [com.didi.virtualapk:core:0.9.8] AndroidManifest.xml:7:5-9:41
MERGED from [com.didi.virtualapk:core:0.9.8] AndroidManifest.xml:7:5-9:41
MERGED from [com.android.support:recyclerview-v7:23.0.0] AndroidManifest.xml:20:5-43
MERGED from [com.android.support:recyclerview-v7:23.0.0] AndroidManifest.xml:20:5-43
MERGED from [com.android.support.constraint:constraint-layout:1.1.3] AndroidManifest.xml:5:5-7:41
MERGED from [com.android.support.constraint:constraint-layout:1.1.3] AndroidManifest.xml:5:5-7:41
MERGED from [com.trello.rxlifecycle2:rxlifecycle-android:2.2.1] AndroidManifest.xml:17:5-44
MERGED from [com.trello.rxlifecycle2:rxlifecycle-android:2.2.1] AndroidManifest.xml:17:5-44
MERGED from [com.android.support:animated-vector-drawable:26.0.2] AndroidManifest.xml:20:5-44
MERGED from [com.android.support:animated-vector-drawable:26.0.2] AndroidManifest.xml:20:5-44
MERGED from [com.android.support:support-v4:26.0.2] AndroidManifest.xml:21:5-23:54
MERGED from [com.android.support:support-v4:26.0.2] AndroidManifest.xml:21:5-23:54
MERGED from [com.android.support:support-vector-drawable:26.0.2] AndroidManifest.xml:20:5-44
MERGED from [com.android.support:support-vector-drawable:26.0.2] AndroidManifest.xml:20:5-44
MERGED from [com.android.support:support-media-compat:26.0.2] AndroidManifest.xml:21:5-23:63
MERGED from [com.android.support:support-media-compat:26.0.2] AndroidManifest.xml:21:5-23:63
MERGED from [com.android.support:support-fragment:26.0.2] AndroidManifest.xml:21:5-23:60
MERGED from [com.android.support:support-fragment:26.0.2] AndroidManifest.xml:21:5-23:60
MERGED from [com.android.support:support-core-utils:26.0.2] AndroidManifest.xml:21:5-23:61
MERGED from [com.android.support:support-core-utils:26.0.2] AndroidManifest.xml:21:5-23:61
MERGED from [com.android.support:support-core-ui:26.0.2] AndroidManifest.xml:21:5-23:58
MERGED from [com.android.support:support-core-ui:26.0.2] AndroidManifest.xml:21:5-23:58
MERGED from [com.android.support:support-compat:26.0.2] AndroidManifest.xml:21:5-23:58
MERGED from [com.android.support:support-compat:26.0.2] AndroidManifest.xml:21:5-23:58
MERGED from [io.reactivex.rxjava2:rxandroid:2.0.1] AndroidManifest.xml:19:5-43
MERGED from [io.reactivex.rxjava2:rxandroid:2.0.1] AndroidManifest.xml:19:5-43
INJECTED from src\main\AndroidManifest.xml
INJECTED from src\main\AndroidManifest.xml
	tools:overrideLibrary
		ADDED from [com.android.support:appcompat-v7:26.0.2] AndroidManifest.xml:23:9-75
	android:targetSdkVersion
		INJECTED from src\main\AndroidManifest.xml
		ADDED from src\main\AndroidManifest.xml
		INJECTED from src\main\AndroidManifest.xml
	android:minSdkVersion
		INJECTED from src\main\AndroidManifest.xml
		ADDED from src\main\AndroidManifest.xml
		INJECTED from src\main\AndroidManifest.xml
meta-data#android.support.VERSION
ADDED from [com.android.support:appcompat-v7:26.0.2] AndroidManifest.xml:26:9-28:38
MERGED from [com.android.support:animated-vector-drawable:26.0.2] AndroidManifest.xml:23:9-25:38
MERGED from [com.android.support:animated-vector-drawable:26.0.2] AndroidManifest.xml:23:9-25:38
MERGED from [com.android.support:support-v4:26.0.2] AndroidManifest.xml:26:9-28:38
MERGED from [com.android.support:support-v4:26.0.2] AndroidManifest.xml:26:9-28:38
MERGED from [com.android.support:support-vector-drawable:26.0.2] AndroidManifest.xml:23:9-25:38
MERGED from [com.android.support:support-vector-drawable:26.0.2] AndroidManifest.xml:23:9-25:38
MERGED from [com.android.support:support-media-compat:26.0.2] AndroidManifest.xml:26:9-28:38
MERGED from [com.android.support:support-media-compat:26.0.2] AndroidManifest.xml:26:9-28:38
MERGED from [com.android.support:support-fragment:26.0.2] AndroidManifest.xml:26:9-28:38
MERGED from [com.android.support:support-fragment:26.0.2] AndroidManifest.xml:26:9-28:38
MERGED from [com.android.support:support-core-utils:26.0.2] AndroidManifest.xml:26:9-28:38
MERGED from [com.android.support:support-core-utils:26.0.2] AndroidManifest.xml:26:9-28:38
MERGED from [com.android.support:support-core-ui:26.0.2] AndroidManifest.xml:26:9-28:38
MERGED from [com.android.support:support-core-ui:26.0.2] AndroidManifest.xml:26:9-28:38
MERGED from [com.android.support:support-compat:26.0.2] AndroidManifest.xml:26:9-28:38
MERGED from [com.android.support:support-compat:26.0.2] AndroidManifest.xml:26:9-28:38
	android:value
		ADDED from [com.android.support:appcompat-v7:26.0.2] AndroidManifest.xml:28:13-35
	android:name
		ADDED from [com.android.support:appcompat-v7:26.0.2] AndroidManifest.xml:27:13-51
uses-permission#android.permission.INTERNET
ADDED from [com.didi.virtualapk:core:0.9.8] AndroidManifest.xml:11:5-67
	android:name
		ADDED from [com.didi.virtualapk:core:0.9.8] AndroidManifest.xml:11:22-64
uses-permission#android.permission.ACCESS_NETWORK_STATE
ADDED from [com.didi.virtualapk:core:0.9.8] AndroidManifest.xml:12:5-79
	android:name
		ADDED from [com.didi.virtualapk:core:0.9.8] AndroidManifest.xml:12:22-76
uses-permission#android.permission.CHANGE_NETWORK_STATE
ADDED from [com.didi.virtualapk:core:0.9.8] AndroidManifest.xml:13:5-79
	android:name
		ADDED from [com.didi.virtualapk:core:0.9.8] AndroidManifest.xml:13:22-76
uses-permission#android.permission.READ_EXTERNAL_STORAGE
ADDED from [com.didi.virtualapk:core:0.9.8] AndroidManifest.xml:14:5-80
	android:name
		ADDED from [com.didi.virtualapk:core:0.9.8] AndroidManifest.xml:14:22-77
uses-permission#android.permission.WRITE_EXTERNAL_STORAGE
ADDED from [com.didi.virtualapk:core:0.9.8] AndroidManifest.xml:15:5-81
	android:name
		ADDED from [com.didi.virtualapk:core:0.9.8] AndroidManifest.xml:15:22-78
activity#com.didi.virtualapk.delegate.StubActivity
ADDED from [com.didi.virtualapk:core:0.9.8] AndroidManifest.xml:18:9-21:45
	android:launchMode
		ADDED from [com.didi.virtualapk:core:0.9.8] AndroidManifest.xml:21:13-42
	android:exported
		ADDED from [com.didi.virtualapk:core:0.9.8] AndroidManifest.xml:20:13-37
	android:name
		ADDED from [com.didi.virtualapk:core:0.9.8] AndroidManifest.xml:19:13-69
activity#com.didi.virtualapk.core.A$1
ADDED from [com.didi.virtualapk:core:0.9.8] AndroidManifest.xml:23:9-26:45
	android:launchMode
		ADDED from [com.didi.virtualapk:core:0.9.8] AndroidManifest.xml:26:13-42
	android:exported
		ADDED from [com.didi.virtualapk:core:0.9.8] AndroidManifest.xml:25:13-37
	android:name
		ADDED from [com.didi.virtualapk:core:0.9.8] AndroidManifest.xml:24:13-56
activity#com.didi.virtualapk.core.A$2
ADDED from [com.didi.virtualapk:core:0.9.8] AndroidManifest.xml:27:9-31:64
	android:launchMode
		ADDED from [com.didi.virtualapk:core:0.9.8] AndroidManifest.xml:30:13-42
	android:exported
		ADDED from [com.didi.virtualapk:core:0.9.8] AndroidManifest.xml:29:13-37
	android:theme
		ADDED from [com.didi.virtualapk:core:0.9.8] AndroidManifest.xml:31:13-61
	android:name
		ADDED from [com.didi.virtualapk:core:0.9.8] AndroidManifest.xml:28:13-56
activity#com.didi.virtualapk.core.B$1
ADDED from [com.didi.virtualapk:core:0.9.8] AndroidManifest.xml:34:9-37:46
	android:launchMode
		ADDED from [com.didi.virtualapk:core:0.9.8] AndroidManifest.xml:37:13-43
	android:exported
		ADDED from [com.didi.virtualapk:core:0.9.8] AndroidManifest.xml:36:13-37
	android:name
		ADDED from [com.didi.virtualapk:core:0.9.8] AndroidManifest.xml:35:13-56
activity#com.didi.virtualapk.core.B$2
ADDED from [com.didi.virtualapk:core:0.9.8] AndroidManifest.xml:38:9-41:46
	android:launchMode
		ADDED from [com.didi.virtualapk:core:0.9.8] AndroidManifest.xml:41:13-43
	android:exported
		ADDED from [com.didi.virtualapk:core:0.9.8] AndroidManifest.xml:40:13-37
	android:name
		ADDED from [com.didi.virtualapk:core:0.9.8] AndroidManifest.xml:39:13-56
activity#com.didi.virtualapk.core.B$3
ADDED from [com.didi.virtualapk:core:0.9.8] AndroidManifest.xml:42:9-45:46
	android:launchMode
		ADDED from [com.didi.virtualapk:core:0.9.8] AndroidManifest.xml:45:13-43
	android:exported
		ADDED from [com.didi.virtualapk:core:0.9.8] AndroidManifest.xml:44:13-37
	android:name
		ADDED from [com.didi.virtualapk:core:0.9.8] AndroidManifest.xml:43:13-56
activity#com.didi.virtualapk.core.B$4
ADDED from [com.didi.virtualapk:core:0.9.8] AndroidManifest.xml:46:9-49:46
	android:launchMode
		ADDED from [com.didi.virtualapk:core:0.9.8] AndroidManifest.xml:49:13-43
	android:exported
		ADDED from [com.didi.virtualapk:core:0.9.8] AndroidManifest.xml:48:13-37
	android:name
		ADDED from [com.didi.virtualapk:core:0.9.8] AndroidManifest.xml:47:13-56
activity#com.didi.virtualapk.core.B$5
ADDED from [com.didi.virtualapk:core:0.9.8] AndroidManifest.xml:50:9-53:46
	android:launchMode
		ADDED from [com.didi.virtualapk:core:0.9.8] AndroidManifest.xml:53:13-43
	android:exported
		ADDED from [com.didi.virtualapk:core:0.9.8] AndroidManifest.xml:52:13-37
	android:name
		ADDED from [com.didi.virtualapk:core:0.9.8] AndroidManifest.xml:51:13-56
activity#com.didi.virtualapk.core.B$6
ADDED from [com.didi.virtualapk:core:0.9.8] AndroidManifest.xml:54:9-57:46
	android:launchMode
		ADDED from [com.didi.virtualapk:core:0.9.8] AndroidManifest.xml:57:13-43
	android:exported
		ADDED from [com.didi.virtualapk:core:0.9.8] AndroidManifest.xml:56:13-37
	android:name
		ADDED from [com.didi.virtualapk:core:0.9.8] AndroidManifest.xml:55:13-56
activity#com.didi.virtualapk.core.B$7
ADDED from [com.didi.virtualapk:core:0.9.8] AndroidManifest.xml:58:9-61:46
	android:launchMode
		ADDED from [com.didi.virtualapk:core:0.9.8] AndroidManifest.xml:61:13-43
	android:exported
		ADDED from [com.didi.virtualapk:core:0.9.8] AndroidManifest.xml:60:13-37
	android:name
		ADDED from [com.didi.virtualapk:core:0.9.8] AndroidManifest.xml:59:13-56
activity#com.didi.virtualapk.core.B$8
ADDED from [com.didi.virtualapk:core:0.9.8] AndroidManifest.xml:62:9-65:46
	android:launchMode
		ADDED from [com.didi.virtualapk:core:0.9.8] AndroidManifest.xml:65:13-43
	android:exported
		ADDED from [com.didi.virtualapk:core:0.9.8] AndroidManifest.xml:64:13-37
	android:name
		ADDED from [com.didi.virtualapk:core:0.9.8] AndroidManifest.xml:63:13-56
activity#com.didi.virtualapk.core.C$1
ADDED from [com.didi.virtualapk:core:0.9.8] AndroidManifest.xml:68:9-71:47
	android:launchMode
		ADDED from [com.didi.virtualapk:core:0.9.8] AndroidManifest.xml:71:13-44
	android:exported
		ADDED from [com.didi.virtualapk:core:0.9.8] AndroidManifest.xml:70:13-37
	android:name
		ADDED from [com.didi.virtualapk:core:0.9.8] AndroidManifest.xml:69:13-56
activity#com.didi.virtualapk.core.C$2
ADDED from [com.didi.virtualapk:core:0.9.8] AndroidManifest.xml:72:9-75:47
	android:launchMode
		ADDED from [com.didi.virtualapk:core:0.9.8] AndroidManifest.xml:75:13-44
	android:exported
		ADDED from [com.didi.virtualapk:core:0.9.8] AndroidManifest.xml:74:13-37
	android:name
		ADDED from [com.didi.virtualapk:core:0.9.8] AndroidManifest.xml:73:13-56
activity#com.didi.virtualapk.core.C$3
ADDED from [com.didi.virtualapk:core:0.9.8] AndroidManifest.xml:76:9-79:47
	android:launchMode
		ADDED from [com.didi.virtualapk:core:0.9.8] AndroidManifest.xml:79:13-44
	android:exported
		ADDED from [com.didi.virtualapk:core:0.9.8] AndroidManifest.xml:78:13-37
	android:name
		ADDED from [com.didi.virtualapk:core:0.9.8] AndroidManifest.xml:77:13-56
activity#com.didi.virtualapk.core.C$4
ADDED from [com.didi.virtualapk:core:0.9.8] AndroidManifest.xml:80:9-83:47
	android:launchMode
		ADDED from [com.didi.virtualapk:core:0.9.8] AndroidManifest.xml:83:13-44
	android:exported
		ADDED from [com.didi.virtualapk:core:0.9.8] AndroidManifest.xml:82:13-37
	android:name
		ADDED from [com.didi.virtualapk:core:0.9.8] AndroidManifest.xml:81:13-56
activity#com.didi.virtualapk.core.C$5
ADDED from [com.didi.virtualapk:core:0.9.8] AndroidManifest.xml:84:9-87:47
	android:launchMode
		ADDED from [com.didi.virtualapk:core:0.9.8] AndroidManifest.xml:87:13-44
	android:exported
		ADDED from [com.didi.virtualapk:core:0.9.8] AndroidManifest.xml:86:13-37
	android:name
		ADDED from [com.didi.virtualapk:core:0.9.8] AndroidManifest.xml:85:13-56
activity#com.didi.virtualapk.core.C$6
ADDED from [com.didi.virtualapk:core:0.9.8] AndroidManifest.xml:88:9-91:47
	android:launchMode
		ADDED from [com.didi.virtualapk:core:0.9.8] AndroidManifest.xml:91:13-44
	android:exported
		ADDED from [com.didi.virtualapk:core:0.9.8] AndroidManifest.xml:90:13-37
	android:name
		ADDED from [com.didi.virtualapk:core:0.9.8] AndroidManifest.xml:89:13-56
activity#com.didi.virtualapk.core.C$7
ADDED from [com.didi.virtualapk:core:0.9.8] AndroidManifest.xml:92:9-95:47
	android:launchMode
		ADDED from [com.didi.virtualapk:core:0.9.8] AndroidManifest.xml:95:13-44
	android:exported
		ADDED from [com.didi.virtualapk:core:0.9.8] AndroidManifest.xml:94:13-37
	android:name
		ADDED from [com.didi.virtualapk:core:0.9.8] AndroidManifest.xml:93:13-56
activity#com.didi.virtualapk.core.C$8
ADDED from [com.didi.virtualapk:core:0.9.8] AndroidManifest.xml:96:9-99:47
	android:launchMode
		ADDED from [com.didi.virtualapk:core:0.9.8] AndroidManifest.xml:99:13-44
	android:exported
		ADDED from [com.didi.virtualapk:core:0.9.8] AndroidManifest.xml:98:13-37
	android:name
		ADDED from [com.didi.virtualapk:core:0.9.8] AndroidManifest.xml:97:13-56
activity#com.didi.virtualapk.core.D$1
ADDED from [com.didi.virtualapk:core:0.9.8] AndroidManifest.xml:102:9-105:51
	android:launchMode
		ADDED from [com.didi.virtualapk:core:0.9.8] AndroidManifest.xml:105:13-48
	android:exported
		ADDED from [com.didi.virtualapk:core:0.9.8] AndroidManifest.xml:104:13-37
	android:name
		ADDED from [com.didi.virtualapk:core:0.9.8] AndroidManifest.xml:103:13-56
activity#com.didi.virtualapk.core.D$2
ADDED from [com.didi.virtualapk:core:0.9.8] AndroidManifest.xml:106:9-109:51
	android:launchMode
		ADDED from [com.didi.virtualapk:core:0.9.8] AndroidManifest.xml:109:13-48
	android:exported
		ADDED from [com.didi.virtualapk:core:0.9.8] AndroidManifest.xml:108:13-37
	android:name
		ADDED from [com.didi.virtualapk:core:0.9.8] AndroidManifest.xml:107:13-56
activity#com.didi.virtualapk.core.D$3
ADDED from [com.didi.virtualapk:core:0.9.8] AndroidManifest.xml:110:9-113:51
	android:launchMode
		ADDED from [com.didi.virtualapk:core:0.9.8] AndroidManifest.xml:113:13-48
	android:exported
		ADDED from [com.didi.virtualapk:core:0.9.8] AndroidManifest.xml:112:13-37
	android:name
		ADDED from [com.didi.virtualapk:core:0.9.8] AndroidManifest.xml:111:13-56
activity#com.didi.virtualapk.core.D$4
ADDED from [com.didi.virtualapk:core:0.9.8] AndroidManifest.xml:114:9-117:51
	android:launchMode
		ADDED from [com.didi.virtualapk:core:0.9.8] AndroidManifest.xml:117:13-48
	android:exported
		ADDED from [com.didi.virtualapk:core:0.9.8] AndroidManifest.xml:116:13-37
	android:name
		ADDED from [com.didi.virtualapk:core:0.9.8] AndroidManifest.xml:115:13-56
activity#com.didi.virtualapk.core.D$5
ADDED from [com.didi.virtualapk:core:0.9.8] AndroidManifest.xml:118:9-121:51
	android:launchMode
		ADDED from [com.didi.virtualapk:core:0.9.8] AndroidManifest.xml:121:13-48
	android:exported
		ADDED from [com.didi.virtualapk:core:0.9.8] AndroidManifest.xml:120:13-37
	android:name
		ADDED from [com.didi.virtualapk:core:0.9.8] AndroidManifest.xml:119:13-56
activity#com.didi.virtualapk.core.D$6
ADDED from [com.didi.virtualapk:core:0.9.8] AndroidManifest.xml:122:9-125:51
	android:launchMode
		ADDED from [com.didi.virtualapk:core:0.9.8] AndroidManifest.xml:125:13-48
	android:exported
		ADDED from [com.didi.virtualapk:core:0.9.8] AndroidManifest.xml:124:13-37
	android:name
		ADDED from [com.didi.virtualapk:core:0.9.8] AndroidManifest.xml:123:13-56
activity#com.didi.virtualapk.core.D$7
ADDED from [com.didi.virtualapk:core:0.9.8] AndroidManifest.xml:126:9-129:51
	android:launchMode
		ADDED from [com.didi.virtualapk:core:0.9.8] AndroidManifest.xml:129:13-48
	android:exported
		ADDED from [com.didi.virtualapk:core:0.9.8] AndroidManifest.xml:128:13-37
	android:name
		ADDED from [com.didi.virtualapk:core:0.9.8] AndroidManifest.xml:127:13-56
activity#com.didi.virtualapk.core.D$8
ADDED from [com.didi.virtualapk:core:0.9.8] AndroidManifest.xml:130:9-133:51
	android:launchMode
		ADDED from [com.didi.virtualapk:core:0.9.8] AndroidManifest.xml:133:13-48
	android:exported
		ADDED from [com.didi.virtualapk:core:0.9.8] AndroidManifest.xml:132:13-37
	android:name
		ADDED from [com.didi.virtualapk:core:0.9.8] AndroidManifest.xml:131:13-56
service#com.didi.virtualapk.delegate.LocalService
ADDED from [com.didi.virtualapk:core:0.9.8] AndroidManifest.xml:136:9-138:40
	android:exported
		ADDED from [com.didi.virtualapk:core:0.9.8] AndroidManifest.xml:138:13-37
	android:name
		ADDED from [com.didi.virtualapk:core:0.9.8] AndroidManifest.xml:137:13-69
service#com.didi.virtualapk.delegate.RemoteService
ADDED from [com.didi.virtualapk:core:0.9.8] AndroidManifest.xml:141:9-148:19
	android:process
		ADDED from [com.didi.virtualapk:core:0.9.8] AndroidManifest.xml:144:13-38
	android:exported
		ADDED from [com.didi.virtualapk:core:0.9.8] AndroidManifest.xml:143:13-37
	android:name
		ADDED from [com.didi.virtualapk:core:0.9.8] AndroidManifest.xml:142:13-70
intent-filter#action:name:${applicationId}.intent.ACTION_DAEMON_SERVICE
ADDED from [com.didi.virtualapk:core:0.9.8] AndroidManifest.xml:145:13-147:29
intent-filter#action:name:com.fly.tour.intent.ACTION_DAEMON_SERVICE
ADDED from [com.didi.virtualapk:core:0.9.8] AndroidManifest.xml:145:13-147:29
action#${applicationId}.intent.ACTION_DAEMON_SERVICE
ADDED from [com.didi.virtualapk:core:0.9.8] AndroidManifest.xml:146:17-88
	android:name
		ADDED from [com.didi.virtualapk:core:0.9.8] AndroidManifest.xml:146:25-85
action#com.fly.tour.intent.ACTION_DAEMON_SERVICE
ADDED from [com.didi.virtualapk:core:0.9.8] AndroidManifest.xml:146:17-88
	android:name
		ADDED from [com.didi.virtualapk:core:0.9.8] AndroidManifest.xml:146:25-85
provider#com.didi.virtualapk.delegate.RemoteContentProvider
ADDED from [com.didi.virtualapk:core:0.9.8] AndroidManifest.xml:150:9-154:41
	android:process
		ADDED from [com.didi.virtualapk:core:0.9.8] AndroidManifest.xml:154:13-38
	android:authorities
		ADDED from [com.didi.virtualapk:core:0.9.8] AndroidManifest.xml:152:13-71
	android:exported
		ADDED from [com.didi.virtualapk:core:0.9.8] AndroidManifest.xml:153:13-37
	android:name
		ADDED from [com.didi.virtualapk:core:0.9.8] AndroidManifest.xml:151:13-78